2018-12-15T23:47:30.412+0900 I CONTROL  [initandlisten] MongoDB starting : pid=4425 port=27017 dbpath=/home/choi/mongodb-data 64-bit host=choi-PC
2018-12-15T23:47:30.412+0900 I CONTROL  [initandlisten] db version v3.2.11
2018-12-15T23:47:30.412+0900 I CONTROL  [initandlisten] git version: 009580ad490190ba33d1c6253ebd8d91808923e4
2018-12-15T23:47:30.412+0900 I CONTROL  [initandlisten] OpenSSL version: OpenSSL 1.0.2g  1 Mar 2016
2018-12-15T23:47:30.413+0900 I CONTROL  [initandlisten] allocator: tcmalloc
2018-12-15T23:47:30.413+0900 I CONTROL  [initandlisten] modules: none
2018-12-15T23:47:30.413+0900 I CONTROL  [initandlisten] build environment:
2018-12-15T23:47:30.413+0900 I CONTROL  [initandlisten]     distmod: ubuntu1404
2018-12-15T23:47:30.413+0900 I CONTROL  [initandlisten]     distarch: x86_64
2018-12-15T23:47:30.413+0900 I CONTROL  [initandlisten]     target_arch: x86_64
2018-12-15T23:47:30.413+0900 I CONTROL  [initandlisten] options: { storage: { dbPath: "/home/choi/mongodb-data" } }
2018-12-15T23:47:30.441+0900 I -        [initandlisten] Detected data files in /home/choi/mongodb-data created by the 'wiredTiger' storage engine, so setting the active storage engine to 'wiredTiger'.
2018-12-15T23:47:30.442+0900 I STORAGE  [initandlisten] wiredtiger_open config: create,cache_size=4G,session_max=20000,eviction=(threads_max=4),config_base=false,statistics=(fast),log=(enabled=true,archive=true,path=journal,compressor=snappy),file_manager=(close_idle_time=100000),checkpoint=(wait=60,log_size=2GB),statistics_log=(wait=0),
2018-12-15T23:47:30.786+0900 I CONTROL  [initandlisten] 
2018-12-15T23:47:30.786+0900 I CONTROL  [initandlisten] ** WARNING: /sys/kernel/mm/transparent_hugepage/defrag is 'always'.
2018-12-15T23:47:30.786+0900 I CONTROL  [initandlisten] **        We suggest setting it to 'never'
2018-12-15T23:47:30.786+0900 I CONTROL  [initandlisten] 
2018-12-15T23:47:30.804+0900 I FTDC     [initandlisten] Initializing full-time diagnostic data capture with directory '/home/choi/mongodb-data/diagnostic.data'
2018-12-15T23:47:30.804+0900 I NETWORK  [HostnameCanonicalizationWorker] Starting hostname canonicalization worker
2018-12-15T23:47:30.805+0900 I NETWORK  [initandlisten] waiting for connections on port 27017
2018-12-15T23:47:33.150+0900 I NETWORK  [initandlisten] connection accepted from 127.0.0.1:50508 #1 (1 connection now open)
2018-12-16T00:24:08.686+0900 I CONTROL  [signalProcessingThread] got signal 1 (Hangup), will terminate after current cmd ends
2018-12-16T00:24:08.686+0900 I FTDC     [signalProcessingThread] Shutting down full-time diagnostic data capture
2018-12-16T00:24:08.689+0900 I CONTROL  [signalProcessingThread] now exiting
2018-12-16T00:24:08.689+0900 I NETWORK  [signalProcessingThread] shutdown: going to close listening sockets...
2018-12-16T00:24:08.689+0900 I NETWORK  [signalProcessingThread] closing listening socket: 16
2018-12-16T00:24:08.689+0900 I NETWORK  [signalProcessingThread] closing listening socket: 17
2018-12-16T00:24:08.689+0900 I NETWORK  [signalProcessingThread] removing socket file: /tmp/mongodb-27017.sock
2018-12-16T00:24:08.689+0900 I NETWORK  [signalProcessingThread] shutdown: going to flush diaglog...
2018-12-16T00:24:08.689+0900 I NETWORK  [signalProcessingThread] shutdown: going to close sockets...
2018-12-16T00:24:08.689+0900 I STORAGE  [signalProcessingThread] WiredTigerKVEngine shutting down
2018-12-16T00:24:08.698+0900 I NETWORK  [conn1] end connection 127.0.0.1:50508 (0 connections now open)
2018-12-16T00:24:08.788+0900 I STORAGE  [signalProcessingThread] shutdown: removing fs lock...
2018-12-16T00:24:08.788+0900 I CONTROL  [signalProcessingThread] dbexit:  rc: 0
